[1204/204119.702:ERROR:process_info.cc(632)] range at 0x2ef31e0c00000000, size 0xec fully unreadable
[1204/204119.702:ERROR:process_info.cc(632)] range at 0x2ef31e2c00000000, size 0xec fully unreadable
[1204/204119.702:ERROR:process_info.cc(632)] range at 0x0, size 0xec fully unreadable
[1206/200948.672:ERROR:process_info.cc(632)] range at 0xb1171e0c00000000, size 0x80 fully unreadable
[1206/200948.672:ERROR:process_info.cc(632)] range at 0xb1171e2c00000000, size 0x80 fully unreadable
[1206/200948.672:ERROR:process_info.cc(632)] range at 0x0, size 0x80 fully unreadable
[1206/201053.544:ERROR:http_transport_win.cc(268)] WinHttpSendRequest: The operation timed out  (0x2ee2)
[1206/201347.087:ERROR:process_info.cc(632)] range at 0x9fb21e1c00000000, size 0xd3 fully unreadable
[1206/201347.087:ERROR:process_info.cc(632)] range at 0x9fb21e3c00000000, size 0xd3 fully unreadable
[1206/201347.087:ERROR:process_info.cc(632)] range at 0x0, size 0xd3 fully unreadable
[1206/201409.956:ERROR:process_info.cc(632)] range at 0xa6751e1c00000000, size 0xe fully unreadable
[1206/201409.956:ERROR:process_info.cc(632)] range at 0xa6751e3c00000000, size 0xe fully unreadable
[1206/201409.956:ERROR:process_info.cc(632)] range at 0x0, size 0xe fully unreadable
[1206/201416.793:ERROR:process_info.cc(632)] range at 0x7ddc1e1c00000000, size 0x3d fully unreadable
[1206/201416.793:ERROR:process_info.cc(632)] range at 0x7ddc1e3c00000000, size 0x3d fully unreadable
[1206/201416.793:ERROR:process_info.cc(632)] range at 0x0, size 0x3d fully unreadable
[1206/202549.023:ERROR:process_info.cc(632)] range at 0x4f331e6a00000000, size 0xcb fully unreadable
[1206/202549.023:ERROR:process_info.cc(632)] range at 0x4f331e8a00000000, size 0xcb fully unreadable
[1206/202549.023:ERROR:process_info.cc(632)] range at 0x0, size 0xcb fully unreadable
[1206/202656.398:ERROR:process_info.cc(632)] range at 0x34de1e6a00000000, size 0xf9 fully unreadable
[1206/202656.398:ERROR:process_info.cc(632)] range at 0x34de1e8a00000000, size 0xf9 fully unreadable
[1206/202656.398:ERROR:process_info.cc(632)] range at 0x0, size 0xf9 fully unreadable
[1206/202728.200:ERROR:process_info.cc(632)] range at 0x6c2f1e6a00000000, size 0x5c fully unreadable
[1206/202728.200:ERROR:process_info.cc(632)] range at 0x6c2f1e8a00000000, size 0x5c fully unreadable
[1206/202728.200:ERROR:process_info.cc(632)] range at 0x0, size 0x5c fully unreadable
[1206/202920.633:ERROR:process_info.cc(632)] range at 0xebd21e6000000000, size 0x22 fully unreadable
[1206/202920.633:ERROR:process_info.cc(632)] range at 0xebd21e8000000000, size 0x22 fully unreadable
[1206/202920.633:ERROR:process_info.cc(632)] range at 0x0, size 0x22 fully unreadable
[1206/203426.412:ERROR:process_info.cc(632)] range at 0xfc781e6200000000, size 0x8f fully unreadable
[1206/203426.412:ERROR:process_info.cc(632)] range at 0xfc781e8200000000, size 0x8f fully unreadable
[1206/203426.412:ERROR:process_info.cc(632)] range at 0x0, size 0x8f fully unreadable
[1206/203848.622:ERROR:process_info.cc(632)] range at 0x340d1e6400000000, size 0xc2 fully unreadable
[1206/203848.622:ERROR:process_info.cc(632)] range at 0x340d1e8400000000, size 0xc2 fully unreadable
[1206/203848.622:ERROR:process_info.cc(632)] range at 0x0, size 0xc2 fully unreadable
[1206/224311.074:ERROR:process_info.cc(632)] range at 0xcae01e0c00000000, size 0x9e fully unreadable
[1206/224311.086:ERROR:process_info.cc(632)] range at 0xcae01e2c00000000, size 0x9e fully unreadable
[1206/224311.086:ERROR:process_info.cc(632)] range at 0x0, size 0x9e fully unreadable
[1206/224354.603:ERROR:process_info.cc(632)] range at 0x60361e0c00000000, size 0x21 fully unreadable
[1206/224354.604:ERROR:process_info.cc(632)] range at 0x60361e2c00000000, size 0x21 fully unreadable
[1206/224354.604:ERROR:process_info.cc(632)] range at 0x0, size 0x21 fully unreadable
